[4900:4922:0203/014251.417239:ERROR:bus.cc(407)] Failed to connect to the bus: Could not parse server address: Unknown address type (examples of valid types are "tcp" and on UNIX "unix")
[4900:4922:0203/014251.417548:ERROR:bus.cc(407)] Failed to connect to the bus: Could not parse server address: Unknown address type (examples of valid types are "tcp" and on UNIX "unix")
[4900:4922:0203/014251.417569:ERROR:bus.cc(407)] Failed to connect to the bus: Could not parse server address: Unknown address type (examples of valid types are "tcp" and on UNIX "unix")
[4900:4922:0203/014251.417578:ERROR:bus.cc(407)] Failed to connect to the bus: Could not parse server address: Unknown address type (examples of valid types are "tcp" and on UNIX "unix")
[4900:4922:0203/014251.417588:ERROR:object_proxy.cc(576)] Failed to call method: org.freedesktop.DBus.NameHasOwner: object_path= /org/freedesktop/DBus: unknown error type: 
[4934:4934:0203/014251.437972:WARNING:gpu_memory_buffer_support_x11.cc(49)] dri3 extension not supported.
[4934:4934:0203/014251.438715:WARNING:sandbox_linux.cc(430)] InitializeSandbox() called with multiple threads in process gpu-process.
[4934:4934:0203/014251.439383:WARNING:viz_main_impl.cc(85)] VizNullHypothesis is disabled (not a warning)
[4900:4922:0203/014251.524559:ERROR:bus.cc(407)] Failed to connect to the bus: Could not parse server address: Unknown address type (examples of valid types are "tcp" and on UNIX "unix")
[4900:4900:0203/014251.524702:INFO:chrome_browser_cloud_management_controller.cc(196)] No machine level policy manager exists.
[4900:4922:0203/014251.540139:ERROR:bus.cc(407)] Failed to connect to the bus: Could not parse server address: Unknown address type (examples of valid types are "tcp" and on UNIX "unix")
[4900:4922:0203/014251.541085:ERROR:object_proxy.cc(576)] Failed to call method: org.freedesktop.DBus.NameHasOwner: object_path= /org/freedesktop/DBus: unknown error type: 
[4900:4918:0203/014251.582676:ERROR:bus.cc(407)] Failed to connect to the bus: Could not parse server address: Unknown address type (examples of valid types are "tcp" and on UNIX "unix")
[4900:4922:0203/014251.636648:ERROR:bus.cc(407)] Failed to connect to the bus: Could not parse server address: Unknown address type (examples of valid types are "tcp" and on UNIX "unix")
[4900:4922:0203/014251.636674:ERROR:bus.cc(407)] Failed to connect to the bus: Could not parse server address: Unknown address type (examples of valid types are "tcp" and on UNIX "unix")
[4900:4900:0203/014251.700696:ERROR:object_proxy.cc(576)] Failed to call method: org.freedesktop.DBus.NameHasOwner: object_path= /org/freedesktop/DBus: unknown error type: 
[4900:4900:0203/014251.706406:ERROR:object_proxy.cc(576)] Failed to call method: org.freedesktop.DBus.NameHasOwner: object_path= /org/freedesktop/DBus: unknown error type: 
[4900:4930:0203/014251.706659:ERROR:bus.cc(407)] Failed to connect to the bus: Could not parse server address: Unknown address type (examples of valid types are "tcp" and on UNIX "unix")
[4900:4995:0203/014251.714321:ERROR:object_proxy.cc(576)] Failed to call method: org.freedesktop.DBus.Properties.Get: object_path= /org/freedesktop/UPower: org.freedesktop.DBus.Error.ServiceUnknown: The name org.freedesktop.UPower was not provided by any .service files
[4900:4995:0203/014251.714349:WARNING:property.cc(149)] DaemonVersion: GetAndBlock: failed.
[4900:4995:0203/014251.714632:ERROR:object_proxy.cc(576)] Failed to call method: org.freedesktop.UPower.GetDisplayDevice: object_path= /org/freedesktop/UPower: org.freedesktop.DBus.Error.ServiceUnknown: The name org.freedesktop.UPower was not provided by any .service files
[4900:4995:0203/014251.715083:ERROR:object_proxy.cc(576)] Failed to call method: org.freedesktop.UPower.EnumerateDevices: object_path= /org/freedesktop/UPower: org.freedesktop.DBus.Error.ServiceUnknown: The name org.freedesktop.UPower was not provided by any .service files
[4900:4900:0203/014251.717421:ERROR:object_proxy.cc(576)] Failed to call method: org.freedesktop.DBus.NameHasOwner: object_path= /org/freedesktop/DBus: unknown error type: 
[4900:4919:0203/014251.717491:ERROR:bus.cc(407)] Failed to connect to the bus: Could not parse server address: Unknown address type (examples of valid types are "tcp" and on UNIX "unix")
[4900:4900:0203/014251.721374:ERROR:object_proxy.cc(576)] Failed to call method: org.freedesktop.DBus.NameHasOwner: object_path= /org/freedesktop/DBus: unknown error type: 
[4900:4919:0203/014251.721435:ERROR:bus.cc(407)] Failed to connect to the bus: Could not parse server address: Unknown address type (examples of valid types are "tcp" and on UNIX "unix")
[4900:4900:0203/014251.723098:ERROR:object_proxy.cc(576)] Failed to call method: org.freedesktop.DBus.NameHasOwner: object_path= /org/freedesktop/DBus: unknown error type: 
[4900:4920:0203/014251.723319:ERROR:bus.cc(407)] Failed to connect to the bus: Could not parse server address: Unknown address type (examples of valid types are "tcp" and on UNIX "unix")
[4900:4900:0203/014251.724399:ERROR:object_proxy.cc(576)] Failed to call method: org.freedesktop.DBus.NameHasOwner: object_path= /org/freedesktop/DBus: unknown error type: 
[4900:4900:0203/014251.724428:WARNING:idle_linux.cc(110)] None of the known D-Bus ScreenSaver services could be used.
[4949:4970:0203/014256.455952:WARNING:spdy_session.cc(2981)] Received HEADERS for invalid stream 1
[4900:4900:0203/014257.359446:INFO:CONSOLE(0)] "[DOM] Input elements should have autocomplete attributes (suggested: "new-password"): (More info: https://goo.gl/9p2vKq) %o", source: https://auth.band.us/email_login/password?login_type= (0)
[4900:4900:0203/014301.893088:INFO:CONSOLE(2)] "sendNeloLog:  [object Object]", source: https://ssl.pstatic.net/cmstatic/webclient/script/20250123145542/boot.bundle.js?_=20250123145542 (2)
[4900:4900:0203/014301.894859:INFO:CONSOLE(2)] "Deprecation warning: moment construction falls back to js Date. This is discouraged and will be removed in upcoming major release. Please refer to https://github.com/moment/moment/issues/1407 for more info.", source: https://ssl.pstatic.net/cmstatic/webclient/script/20250123145542/boot.bundle.js?_=20250123145542 (2)
[4900:4900:0203/014306.962655:INFO:CONSOLE(2)] "Deprecation warning: moment construction falls back to js Date. This is discouraged and will be removed in upcoming major release. Please refer to https://github.com/moment/moment/issues/1407 for more info.", source: https://ssl.pstatic.net/cmstatic/webclient/script/20250123145542/boot.bundle.js?_=20250123145542 (2)
[4900:4900:0203/014551.555024:ERROR:service_client.cc(36)] Unexpected on_device_model service disconnect: 
